[debug] [2026-01-03T21:30:31.885Z] ----------------------------------------------------------------------
[debug] [2026-01-03T21:30:31.889Z] Command:       C:\Program Files\nodejs\node.exe C:\Users\Administrator\AppData\Roaming\npm\node_modules\firebase-tools\lib\bin\firebase.js deploy --only functions
[debug] [2026-01-03T21:30:31.890Z] CLI Version:   15.1.0
[debug] [2026-01-03T21:30:31.890Z] Platform:      win32
[debug] [2026-01-03T21:30:31.890Z] Node Version:  v22.18.0
[debug] [2026-01-03T21:30:31.891Z] Time:          Sun Jan 04 2026 02:30:31 GMT+0500 (Pakistan Standard Time)
[debug] [2026-01-03T21:30:31.892Z] ----------------------------------------------------------------------
[debug] 
[debug] [2026-01-03T21:30:36.713Z] > command requires scopes: ["email","openid","https://www.googleapis.com/auth/cloudplatformprojects.readonly","https://www.googleapis.com/auth/firebase","https://www.googleapis.com/auth/cloud-platform"]
[debug] [2026-01-03T21:30:36.713Z] > authorizing via signed-in user (hamzaansari1866@gmail.com)
[debug] [2026-01-03T21:30:36.714Z] [iam] checking project court-chuno for permissions ["cloudfunctions.functions.create","cloudfunctions.functions.delete","cloudfunctions.functions.get","cloudfunctions.functions.list","cloudfunctions.functions.update","cloudfunctions.operations.get","firebase.projects.get"]
[debug] [2026-01-03T21:30:36.716Z] Checked if tokens are valid: false, expires at: 1767476652028
[debug] [2026-01-03T21:30:36.717Z] Checked if tokens are valid: false, expires at: 1767476652028
[debug] [2026-01-03T21:30:36.717Z] > refreshing access token with scopes: []
[debug] [2026-01-03T21:30:36.724Z] >>> [apiv2][query] POST https://www.googleapis.com/oauth2/v3/token [none]
[debug] [2026-01-03T21:30:36.724Z] >>> [apiv2][body] POST https://www.googleapis.com/oauth2/v3/token [omitted]
[debug] [2026-01-03T21:30:37.852Z] <<< [apiv2][status] POST https://www.googleapis.com/oauth2/v3/token 200
[debug] [2026-01-03T21:30:37.853Z] <<< [apiv2][body] POST https://www.googleapis.com/oauth2/v3/token [omitted]
[debug] [2026-01-03T21:30:37.872Z] >>> [apiv2][query] POST https://cloudresourcemanager.googleapis.com/v1/projects/court-chuno:testIamPermissions [none]
[debug] [2026-01-03T21:30:37.873Z] >>> [apiv2][(partial)header] POST https://cloudresourcemanager.googleapis.com/v1/projects/court-chuno:testIamPermissions x-goog-quota-user=projects/court-chuno
[debug] [2026-01-03T21:30:37.873Z] >>> [apiv2][body] POST https://cloudresourcemanager.googleapis.com/v1/projects/court-chuno:testIamPermissions {"permissions":["cloudfunctions.functions.create","cloudfunctions.functions.delete","cloudfunctions.functions.get","cloudfunctions.functions.list","cloudfunctions.functions.update","cloudfunctions.operations.get","firebase.projects.get"]}
[debug] [2026-01-03T21:30:42.517Z] <<< [apiv2][status] POST https://cloudresourcemanager.googleapis.com/v1/projects/court-chuno:testIamPermissions 200
[debug] [2026-01-03T21:30:42.518Z] <<< [apiv2][body] POST https://cloudresourcemanager.googleapis.com/v1/projects/court-chuno:testIamPermissions {"permissions":["cloudfunctions.functions.create","cloudfunctions.functions.delete","cloudfunctions.functions.get","cloudfunctions.functions.list","cloudfunctions.functions.update","cloudfunctions.operations.get","firebase.projects.get"]}
[debug] [2026-01-03T21:30:42.519Z] Checked if tokens are valid: true, expires at: 1767479436855
[debug] [2026-01-03T21:30:42.519Z] Checked if tokens are valid: true, expires at: 1767479436855
[debug] [2026-01-03T21:30:42.520Z] >>> [apiv2][query] POST https://iam.googleapis.com/v1/projects/court-chuno/serviceAccounts/court-chuno@appspot.gserviceaccount.com:testIamPermissions [none]
[debug] [2026-01-03T21:30:42.521Z] >>> [apiv2][body] POST https://iam.googleapis.com/v1/projects/court-chuno/serviceAccounts/court-chuno@appspot.gserviceaccount.com:testIamPermissions {"permissions":["iam.serviceAccounts.actAs"]}
[debug] [2026-01-03T21:30:46.875Z] <<< [apiv2][status] POST https://iam.googleapis.com/v1/projects/court-chuno/serviceAccounts/court-chuno@appspot.gserviceaccount.com:testIamPermissions 200
[debug] [2026-01-03T21:30:46.876Z] <<< [apiv2][body] POST https://iam.googleapis.com/v1/projects/court-chuno/serviceAccounts/court-chuno@appspot.gserviceaccount.com:testIamPermissions {"permissions":["iam.serviceAccounts.actAs"]}
[info] 
[info] === Deploying to 'court-chuno'...
[info] 
[info] i  deploying functions 
[info] Running command: npm --prefix "$RESOURCE_DIR" run build
[info] +  functions: Finished running predeploy script. 
[debug] [2026-01-03T21:30:53.928Z] Checked if tokens are valid: true, expires at: 1767479436855
[debug] [2026-01-03T21:30:53.929Z] Checked if tokens are valid: true, expires at: 1767479436855
[debug] [2026-01-03T21:30:53.929Z] >>> [apiv2][query] GET https://cloudresourcemanager.googleapis.com/v1/projects/court-chuno [none]
[debug] [2026-01-03T21:31:04.272Z] <<< [apiv2][status] GET https://cloudresourcemanager.googleapis.com/v1/projects/court-chuno 200
[debug] [2026-01-03T21:31:04.272Z] <<< [apiv2][body] GET https://cloudresourcemanager.googleapis.com/v1/projects/court-chuno {"projectNumber":"8759678057","projectId":"court-chuno","lifecycleState":"ACTIVE","name":"Court-Chuno","labels":{"firebase":"enabled","firebase-core":"disabled"},"createTime":"2025-10-27T13:29:22.743688Z"}
[info] i  functions: preparing codebase default for deployment 
[info] i  functions: ensuring required API cloudfunctions.googleapis.com is enabled... 
[info] i  functions: ensuring required API cloudbuild.googleapis.com is enabled... 
[info] i  artifactregistry: ensuring required API artifactregistry.googleapis.com is enabled... 
[debug] [2026-01-03T21:31:04.280Z] Checked if tokens are valid: true, expires at: 1767479436855
[debug] [2026-01-03T21:31:04.281Z] Checked if tokens are valid: true, expires at: 1767479436855
[debug] [2026-01-03T21:31:04.281Z] >>> [apiv2][query] GET https://firebase.googleapis.com/v1beta1/projects/court-chuno/adminSdkConfig [none]
[debug] [2026-01-03T21:31:06.342Z] <<< [apiv2][status] GET https://firebase.googleapis.com/v1beta1/projects/court-chuno/adminSdkConfig 200
[debug] [2026-01-03T21:31:06.342Z] <<< [apiv2][body] GET https://firebase.googleapis.com/v1beta1/projects/court-chuno/adminSdkConfig {"projectId":"court-chuno","storageBucket":"court-chuno.firebasestorage.app"}
[debug] [2026-01-03T21:31:06.349Z] Validating nodejs source
[debug] [2026-01-03T21:31:10.111Z] > [functions] package.json contents: {
  "name": "functions",
  "scripts": {
    "build": "tsc",
    "build:watch": "tsc --watch",
    "serve": "npm run build && firebase emulators:start --only functions",
    "shell": "npm run build && firebase functions:shell",
    "start": "npm run shell",
    "deploy": "firebase deploy --only functions",
    "logs": "firebase functions:log"
  },
  "engines": {
    "node": "20"
  },
  "main": "lib/index.js",
  "dependencies": {
    "@genkit-ai/core": "^1.27.0",
    "@genkit-ai/firebase": "^1.27.0",
    "@genkit-ai/googleai": "^1.27.0",
    "@genkit-ai/vertexai": "^1.27.0",
    "firebase-admin": "^13.6.0",
    "firebase-functions": "^7.0.2",
    "genkit": "^1.27.0",
    "zod": "^4.3.4"
  },
  "devDependencies": {
    "@types/handlebars": "^4.0.40",
    "firebase-functions-test": "^3.4.1",
    "typescript": "^5.7.3"
  },
  "private": true
}
[debug] [2026-01-03T21:31:10.111Z] Building nodejs source
[info] i  functions: Loading and analyzing source code for codebase default to determine what to deploy 
[debug] [2026-01-03T21:31:10.113Z] Could not find functions.yaml. Must use http discovery
[debug] [2026-01-03T21:31:10.130Z] Found firebase-functions binary at 'G:\SPRING 2025\FYP Phase-2\check version\my-app\functions\node_modules\.bin\firebase-functions'
[info] Serving at port 8703

[debug] [2026-01-03T21:31:13.738Z] Got response from /__/functions.yaml {"endpoints":{"chatWithGenkit":{"availableMemoryMb":null,"timeoutSeconds":null,"minInstances":null,"maxInstances":null,"ingressSettings":null,"concurrency":null,"serviceAccountEmail":null,"vpc":null,"platform":"gcfv2","secretEnvironmentVariables":[{"key":"GOOGLE_GENAI_API_KEY"}],"labels":{},"callableTrigger":{},"entryPoint":"chatWithGenkit"}},"specVersion":"v1alpha1","requiredAPIs":[],"extensions":{}}
[info] i  extensions: ensuring required API firebaseextensions.googleapis.com is enabled... 
[debug] [2026-01-03T21:31:17.805Z] > command requires scopes: ["email","openid","https://www.googleapis.com/auth/cloudplatformprojects.readonly","https://www.googleapis.com/auth/firebase","https://www.googleapis.com/auth/cloud-platform"]
[debug] [2026-01-03T21:31:17.805Z] > authorizing via signed-in user (hamzaansari1866@gmail.com)
[debug] [2026-01-03T21:31:17.805Z] [iam] checking project court-chuno for permissions ["firebase.projects.get","firebaseextensions.instances.list"]
[debug] [2026-01-03T21:31:17.805Z] Checked if tokens are valid: true, expires at: 1767479436855
[debug] [2026-01-03T21:31:17.805Z] Checked if tokens are valid: true, expires at: 1767479436855
[debug] [2026-01-03T21:31:17.806Z] >>> [apiv2][query] POST https://cloudresourcemanager.googleapis.com/v1/projects/court-chuno:testIamPermissions [none]
[debug] [2026-01-03T21:31:17.806Z] >>> [apiv2][(partial)header] POST https://cloudresourcemanager.googleapis.com/v1/projects/court-chuno:testIamPermissions x-goog-quota-user=projects/court-chuno
[debug] [2026-01-03T21:31:17.806Z] >>> [apiv2][body] POST https://cloudresourcemanager.googleapis.com/v1/projects/court-chuno:testIamPermissions {"permissions":["firebase.projects.get","firebaseextensions.instances.list"]}
[debug] [2026-01-03T21:31:31.482Z] <<< [apiv2][status] POST https://cloudresourcemanager.googleapis.com/v1/projects/court-chuno:testIamPermissions 200
[debug] [2026-01-03T21:31:31.482Z] <<< [apiv2][body] POST https://cloudresourcemanager.googleapis.com/v1/projects/court-chuno:testIamPermissions {"permissions":["firebase.projects.get","firebaseextensions.instances.list"]}
[debug] [2026-01-03T21:31:31.485Z] Checked if tokens are valid: true, expires at: 1767479436855
[debug] [2026-01-03T21:31:31.485Z] Checked if tokens are valid: true, expires at: 1767479436855
[debug] [2026-01-03T21:31:31.485Z] >>> [apiv2][query] GET https://firebaseextensions.googleapis.com/v1beta/projects/court-chuno/instances pageSize=100&pageToken=
[debug] [2026-01-03T21:31:52.647Z] <<< [apiv2][status] GET https://firebaseextensions.googleapis.com/v1beta/projects/court-chuno/instances 200
[debug] [2026-01-03T21:31:52.648Z] <<< [apiv2][body] GET https://firebaseextensions.googleapis.com/v1beta/projects/court-chuno/instances {}
[info] i  functions: preparing functions directory for uploading... 
[info] i  functions: packaged G:\SPRING 2025\FYP Phase-2\check version\my-app\functions (102.24 KB) for uploading 
[debug] [2026-01-03T21:31:52.806Z] Checked if tokens are valid: true, expires at: 1767479436855
[debug] [2026-01-03T21:31:52.806Z] Checked if tokens are valid: true, expires at: 1767479436855
[debug] [2026-01-03T21:31:52.806Z] >>> [apiv2][query] GET https://cloudfunctions.googleapis.com/v1/projects/court-chuno/locations/-/functions [none]
[debug] [2026-01-03T21:31:57.142Z] <<< [apiv2][status] GET https://cloudfunctions.googleapis.com/v1/projects/court-chuno/locations/-/functions 200
[debug] [2026-01-03T21:31:57.142Z] <<< [apiv2][body] GET https://cloudfunctions.googleapis.com/v1/projects/court-chuno/locations/-/functions {}
[debug] [2026-01-03T21:31:57.143Z] Checked if tokens are valid: true, expires at: 1767479436855
[debug] [2026-01-03T21:31:57.143Z] Checked if tokens are valid: true, expires at: 1767479436855
[debug] [2026-01-03T21:31:57.144Z] >>> [apiv2][query] GET https://cloudfunctions.googleapis.com/v2/projects/court-chuno/locations/-/functions filter=environment%3D%22GEN_2%22
[debug] [2026-01-03T21:31:58.954Z] <<< [apiv2][status] GET https://cloudfunctions.googleapis.com/v2/projects/court-chuno/locations/-/functions 200
[debug] [2026-01-03T21:31:58.954Z] <<< [apiv2][body] GET https://cloudfunctions.googleapis.com/v2/projects/court-chuno/locations/-/functions {"functions":[{"name":"projects/court-chuno/locations/us-central1/functions/chatWithGenkit","buildConfig":{"build":"projects/8759678057/locations/us-central1/builds/b31cd022-9639-4fe0-a307-405ec49c8da9","runtime":"nodejs20","entryPoint":"chatWithGenkit","source":{"storageSource":{"bucket":"gcf-v2-sources-8759678057-us-central1","object":"chatWithGenkit/function-source.zip","generation":"1767388056055974"}},"environmentVariables":{"GOOGLE_NODE_RUN_SCRIPTS":""},"dockerRepository":"projects/court-chuno/locations/us-central1/repositories/gcf-artifacts","sourceProvenance":{"resolvedStorageSource":{"bucket":"gcf-v2-sources-8759678057-us-central1","object":"chatWithGenkit/function-source.zip","generation":"1767388056055974"}},"dockerRegistry":"ARTIFACT_REGISTRY","serviceAccount":"projects/court-chuno/serviceAccounts/8759678057-compute@developer.gserviceaccount.com","automaticUpdatePolicy":{}},"serviceConfig":{"service":"projects/court-chuno/locations/us-central1/services/chatwithgenkit","timeoutSeconds":60,"environmentVariables":{"FIREBASE_CONFIG":"{\"projectId\":\"court-chuno\",\"storageBucket\":\"court-chuno.firebasestorage.app\"}","GCLOUD_PROJECT":"court-chuno","EVENTARC_CLOUD_EVENT_SOURCE":"projects/court-chuno/locations/us-central1/services/chatWithGenkit","FUNCTION_TARGET":"chatWithGenkit","LOG_EXECUTION_ID":"true"},"maxInstanceCount":3,"ingressSettings":"ALLOW_ALL","uri":"https://chatwithgenkit-3t7v4udu4q-uc.a.run.app","serviceAccountEmail":"8759678057-compute@developer.gserviceaccount.com","availableMemory":"256Mi","allTrafficOnLatestRevision":true,"secretEnvironmentVariables":[{"key":"GOOGLE_GENAI_API_KEY","projectId":"court-chuno","secret":"GOOGLE_GENAI_API_KEY","version":"2"}],"revision":"chatwithgenkit-00011-nix","maxInstanceRequestConcurrency":80,"availableCpu":"1"},"state":"ACTIVE","updateTime":"2026-01-03T21:15:39.117435733Z","labels":{"deployment-callable":"true","firebase-functions-hash":"b15f1bd5263d0bce8f7b3aa4c92da0fe94b2447d","deployment-tool":"cli-firebase"},"environment":"GEN_2","url":"https://us-central1-court-chuno.cloudfunctions.net/chatWithGenkit","createTime":"2026-01-02T15:22:52.225857600Z","satisfiesPzi":true}]}
[info] i  functions: ensuring required API run.googleapis.com is enabled... 
[info] i  functions: ensuring required API eventarc.googleapis.com is enabled... 
[info] i  functions: ensuring required API pubsub.googleapis.com is enabled... 
[info] i  functions: ensuring required API storage.googleapis.com is enabled... 
[info] i  functions: generating the service identity for pubsub.googleapis.com... 
[debug] [2026-01-03T21:31:58.964Z] Checked if tokens are valid: true, expires at: 1767479436855
[debug] [2026-01-03T21:31:58.965Z] Checked if tokens are valid: true, expires at: 1767479436855
[info] i  functions: generating the service identity for eventarc.googleapis.com... 
[debug] [2026-01-03T21:31:58.966Z] Checked if tokens are valid: true, expires at: 1767479436855
[debug] [2026-01-03T21:31:58.967Z] Checked if tokens are valid: true, expires at: 1767479436855
[debug] [2026-01-03T21:31:58.967Z] >>> [apiv2][query] POST https://serviceusage.googleapis.com/v1beta1/projects/8759678057/services/pubsub.googleapis.com:generateServiceIdentity [none]
[debug] [2026-01-03T21:31:58.967Z] >>> [apiv2][(partial)header] POST https://serviceusage.googleapis.com/v1beta1/projects/8759678057/services/pubsub.googleapis.com:generateServiceIdentity x-goog-quota-user=projects/8759678057
[debug] [2026-01-03T21:31:58.968Z] >>> [apiv2][body] POST https://serviceusage.googleapis.com/v1beta1/projects/8759678057/services/pubsub.googleapis.com:generateServiceIdentity {}
[debug] [2026-01-03T21:31:58.970Z] >>> [apiv2][query] POST https://serviceusage.googleapis.com/v1beta1/projects/8759678057/services/eventarc.googleapis.com:generateServiceIdentity [none]
[debug] [2026-01-03T21:31:58.971Z] >>> [apiv2][(partial)header] POST https://serviceusage.googleapis.com/v1beta1/projects/8759678057/services/eventarc.googleapis.com:generateServiceIdentity x-goog-quota-user=projects/8759678057
[debug] [2026-01-03T21:31:58.971Z] >>> [apiv2][body] POST https://serviceusage.googleapis.com/v1beta1/projects/8759678057/services/eventarc.googleapis.com:generateServiceIdentity {}
[debug] [2026-01-03T21:32:01.807Z] <<< [apiv2][status] POST https://serviceusage.googleapis.com/v1beta1/projects/8759678057/services/pubsub.googleapis.com:generateServiceIdentity 200
[debug] [2026-01-03T21:32:01.808Z] <<< [apiv2][body] POST https://serviceusage.googleapis.com/v1beta1/projects/8759678057/services/pubsub.googleapis.com:generateServiceIdentity {"name":"operations/finished.DONE_OPERATION","done":true,"response":{"@type":"type.googleapis.com/google.api.serviceusage.v1beta1.ServiceIdentity","email":"service-8759678057@gcp-sa-pubsub.iam.gserviceaccount.com","uniqueId":"105251224052126000539"}}
[debug] [2026-01-03T21:32:02.356Z] <<< [apiv2][status] POST https://serviceusage.googleapis.com/v1beta1/projects/8759678057/services/eventarc.googleapis.com:generateServiceIdentity 200
[debug] [2026-01-03T21:32:02.357Z] <<< [apiv2][body] POST https://serviceusage.googleapis.com/v1beta1/projects/8759678057/services/eventarc.googleapis.com:generateServiceIdentity {"name":"operations/finished.DONE_OPERATION","done":true,"response":{"@type":"type.googleapis.com/google.api.serviceusage.v1beta1.ServiceIdentity","email":"service-8759678057@gcp-sa-eventarc.iam.gserviceaccount.com","uniqueId":"110302372983947913520"}}
[info] i  functions: ensuring required API secretmanager.googleapis.com is enabled... 
[debug] [2026-01-03T21:32:02.370Z] Checked if tokens are valid: true, expires at: 1767479436855
[debug] [2026-01-03T21:32:02.371Z] Checked if tokens are valid: true, expires at: 1767479436855
[debug] [2026-01-03T21:32:02.372Z] >>> [apiv2][query] GET https://secretmanager.googleapis.com/v1/projects/court-chuno/secrets/GOOGLE_GENAI_API_KEY/versions/latest [none]
[debug] [2026-01-03T21:32:08.193Z] <<< [apiv2][status] GET https://secretmanager.googleapis.com/v1/projects/court-chuno/secrets/GOOGLE_GENAI_API_KEY/versions/latest 200
[debug] [2026-01-03T21:32:08.194Z] <<< [apiv2][body] GET https://secretmanager.googleapis.com/v1/projects/court-chuno/secrets/GOOGLE_GENAI_API_KEY/versions/latest {"name":"projects/8759678057/secrets/GOOGLE_GENAI_API_KEY/versions/2","createTime":"2026-01-02T19:57:22.654058Z","state":"ENABLED","replicationStatus":{"automatic":{}},"etag":"\"16476d1e1f876a\""}
[debug] [2026-01-03T21:32:08.195Z] Resolved secret version of GOOGLE_GENAI_API_KEY to 2.
[debug] [2026-01-03T21:32:08.199Z] Checked if tokens are valid: true, expires at: 1767479436855
[debug] [2026-01-03T21:32:08.199Z] Checked if tokens are valid: true, expires at: 1767479436855
[debug] [2026-01-03T21:32:08.199Z] >>> [apiv2][query] GET https://cloudresourcemanager.googleapis.com/v1/projects/court-chuno [none]
[debug] [2026-01-03T21:32:13.838Z] <<< [apiv2][status] GET https://cloudresourcemanager.googleapis.com/v1/projects/court-chuno 200
[debug] [2026-01-03T21:32:13.838Z] <<< [apiv2][body] GET https://cloudresourcemanager.googleapis.com/v1/projects/court-chuno {"projectNumber":"8759678057","projectId":"court-chuno","lifecycleState":"ACTIVE","name":"Court-Chuno","labels":{"firebase":"enabled","firebase-core":"disabled"},"createTime":"2025-10-27T13:29:22.743688Z"}
[debug] [2026-01-03T21:32:13.840Z] Checked if tokens are valid: true, expires at: 1767479436855
[debug] [2026-01-03T21:32:13.840Z] Checked if tokens are valid: true, expires at: 1767479436855
[debug] [2026-01-03T21:32:13.841Z] >>> [apiv2][query] GET https://compute.googleapis.com/compute/v1/projects/8759678057 [none]
[debug] [2026-01-03T21:32:16.465Z] <<< [apiv2][status] GET https://compute.googleapis.com/compute/v1/projects/8759678057 403
[debug] [2026-01-03T21:32:16.465Z] <<< [apiv2][body] GET https://compute.googleapis.com/compute/v1/projects/8759678057 {"error":{"code":403,"message":"Compute Engine API has not been used in project 8759678057 before or it is disabled. Enable it by visiting https://console.developers.google.com/apis/api/compute.googleapis.com/overview?project=8759678057 then retry. If you enabled this API recently, wait a few minutes for the action to propagate to our systems and retry.","errors":[{"message":"Compute Engine API has not been used in project 8759678057 before or it is disabled. Enable it by visiting https://console.developers.google.com/apis/api/compute.googleapis.com/overview?project=8759678057 then retry. If you enabled this API recently, wait a few minutes for the action to propagate to our systems and retry.","domain":"usageLimits","reason":"accessNotConfigured","extendedHelp":"https://console.developers.google.com"}],"status":"PERMISSION_DENIED","details":[{"@type":"type.googleapis.com/google.rpc.ErrorInfo","reason":"SERVICE_DISABLED","domain":"googleapis.com","metadata":{"activationUrl":"https://console.developers.google.com/apis/api/compute.googleapis.com/overview?project=8759678057","containerInfo":"8759678057","consumer":"projects/8759678057","serviceTitle":"Compute Engine API","service":"compute.googleapis.com"}},{"@type":"type.googleapis.com/google.rpc.LocalizedMessage","locale":"en-US","message":"Compute Engine API has not been used in project 8759678057 before or it is disabled. Enable it by visiting https://console.developers.google.com/apis/api/compute.googleapis.com/overview?project=8759678057 then retry. If you enabled this API recently, wait a few minutes for the action to propagate to our systems and retry."},{"@type":"type.googleapis.com/google.rpc.Help","links":[{"description":"Google developers console API activation","url":"https://console.developers.google.com/apis/api/compute.googleapis.com/overview?project=8759678057"}]}]}}
[debug] [2026-01-03T21:32:16.467Z] unable to look up default compute service account. Falling back to 8759678057-compute@developer.gserviceaccount.com. Error: {"name":"FirebaseError","children":[],"context":{"body":{"error":{"code":403,"message":"Compute Engine API has not been used in project 8759678057 before or it is disabled. Enable it by visiting https://console.developers.google.com/apis/api/compute.googleapis.com/overview?project=8759678057 then retry. If you enabled this API recently, wait a few minutes for the action to propagate to our systems and retry.","errors":[{"message":"Compute Engine API has not been used in project 8759678057 before or it is disabled. Enable it by visiting https://console.developers.google.com/apis/api/compute.googleapis.com/overview?project=8759678057 then retry. If you enabled this API recently, wait a few minutes for the action to propagate to our systems and retry.","domain":"usageLimits","reason":"accessNotConfigured","extendedHelp":"https://console.developers.google.com"}],"status":"PERMISSION_DENIED","details":[{"@type":"type.googleapis.com/google.rpc.ErrorInfo","reason":"SERVICE_DISABLED","domain":"googleapis.com","metadata":{"activationUrl":"https://console.developers.google.com/apis/api/compute.googleapis.com/overview?project=8759678057","containerInfo":"8759678057","consumer":"projects/8759678057","serviceTitle":"Compute Engine API","service":"compute.googleapis.com"}},{"@type":"type.googleapis.com/google.rpc.LocalizedMessage","locale":"en-US","message":"Compute Engine API has not been used in project 8759678057 before or it is disabled. Enable it by visiting https://console.developers.google.com/apis/api/compute.googleapis.com/overview?project=8759678057 then retry. If you enabled this API recently, wait a few minutes for the action to propagate to our systems and retry."},{"@type":"type.googleapis.com/google.rpc.Help","links":[{"description":"Google developers console API activation","url":"https://console.developers.google.com/apis/api/compute.googleapis.com/overview?project=8759678057"}]}]}},"response":{"statusCode":403}},"exit":1,"message":"Request to https://compute.googleapis.com/compute/v1/projects/8759678057 had HTTP Error: 403, Compute Engine API has not been used in project 8759678057 before or it is disabled. Enable it by visiting https://console.developers.google.com/apis/api/compute.googleapis.com/overview?project=8759678057 then retry. If you enabled this API recently, wait a few minutes for the action to propagate to our systems and retry.","status":403}
[debug] [2026-01-03T21:32:16.471Z] Checked if tokens are valid: true, expires at: 1767479436855
[debug] [2026-01-03T21:32:16.472Z] Checked if tokens are valid: true, expires at: 1767479436855
[debug] [2026-01-03T21:32:16.472Z] >>> [apiv2][query] GET https://cloudbilling.googleapis.com/v1/projects/court-chuno/billingInfo [none]
[debug] [2026-01-03T21:32:20.384Z] <<< [apiv2][status] GET https://cloudbilling.googleapis.com/v1/projects/court-chuno/billingInfo 200
[debug] [2026-01-03T21:32:20.385Z] <<< [apiv2][body] GET https://cloudbilling.googleapis.com/v1/projects/court-chuno/billingInfo {"name":"projects/court-chuno/billingInfo","projectId":"court-chuno","billingAccountName":"billingAccounts/01FC84-F6AF52-B161D9","billingEnabled":true}
[debug] [2026-01-03T21:32:20.391Z] Checked if tokens are valid: true, expires at: 1767479436855
[debug] [2026-01-03T21:32:20.392Z] Checked if tokens are valid: true, expires at: 1767479436855
[debug] [2026-01-03T21:32:20.392Z] >>> [apiv2][query] POST https://cloudfunctions.googleapis.com/v2/projects/court-chuno/locations/us-central1/functions:generateUploadUrl [none]
[debug] [2026-01-03T21:32:27.462Z] <<< [apiv2][status] POST https://cloudfunctions.googleapis.com/v2/projects/court-chuno/locations/us-central1/functions:generateUploadUrl 200
[debug] [2026-01-03T21:32:27.462Z] <<< [apiv2][body] POST https://cloudfunctions.googleapis.com/v2/projects/court-chuno/locations/us-central1/functions:generateUploadUrl {"uploadUrl":"https://storage.googleapis.com/gcf-v2-uploads-8759678057.us-central1.cloudfunctions.appspot.com/94bed4fb-d4c5-4457-bacb-3cf5f9b09142.zip?GoogleAccessId=service-8759678057@gcf-admin-robot.iam.gserviceaccount.com&Expires=1767477747&Signature=nGM49%2FdnegFtr5emCsnogNmXN1GJJ0TgSMstCqbcR3IKCDFQYZjisY86HtApWuqYyAkd8FrCy%2FvSHyVAxKoWadZgEsahIIASFwZ9lwADWzc0lYciia6Hhg8HM0%2BSM5cgU4SZaOqz1o2brtu9Ai%2F9A6udXbrJKq6tRAfGmk4u5sZEEVu%2BpXliAHIn%2F%2Ba2bvtkSMQc8O7gBGfzszzoN51j%2Bm4bkKZU%2BfioFR5UaLjWlOftaV8zXMWN9XlldCjfnjcqElG17JN4nRFnvSjfeSsJrz9mhPalzcDD4V180QI8inlSKI8qOIVH9YACHEA6v%2Fo1qeXAPuGVtP4NGG3FGYdWWQ%3D%3D","storageSource":{"bucket":"gcf-v2-uploads-8759678057.us-central1.cloudfunctions.appspot.com","object":"94bed4fb-d4c5-4457-bacb-3cf5f9b09142.zip"}}
[debug] [2026-01-03T21:32:27.464Z] >>> [apiv2][query] PUT https://storage.googleapis.com/gcf-v2-uploads-8759678057.us-central1.cloudfunctions.appspot.com/94bed4fb-d4c5-4457-bacb-3cf5f9b09142.zip GoogleAccessId=service-8759678057%40gcf-admin-robot.iam.gserviceaccount.com&Expires=1767477747&Signature=nGM49%2FdnegFtr5emCsnogNmXN1GJJ0TgSMstCqbcR3IKCDFQYZjisY86HtApWuqYyAkd8FrCy%2FvSHyVAxKoWadZgEsahIIASFwZ9lwADWzc0lYciia6Hhg8HM0%2BSM5cgU4SZaOqz1o2brtu9Ai%2F9A6udXbrJKq6tRAfGmk4u5sZEEVu%2BpXliAHIn%2F%2Ba2bvtkSMQc8O7gBGfzszzoN51j%2Bm4bkKZU%2BfioFR5UaLjWlOftaV8zXMWN9XlldCjfnjcqElG17JN4nRFnvSjfeSsJrz9mhPalzcDD4V180QI8inlSKI8qOIVH9YACHEA6v%2Fo1qeXAPuGVtP4NGG3FGYdWWQ%3D%3D
[debug] [2026-01-03T21:32:27.464Z] >>> [apiv2][body] PUT https://storage.googleapis.com/gcf-v2-uploads-8759678057.us-central1.cloudfunctions.appspot.com/94bed4fb-d4c5-4457-bacb-3cf5f9b09142.zip [stream]
[debug] [2026-01-03T21:32:33.473Z] <<< [apiv2][status] PUT https://storage.googleapis.com/gcf-v2-uploads-8759678057.us-central1.cloudfunctions.appspot.com/94bed4fb-d4c5-4457-bacb-3cf5f9b09142.zip 200
[debug] [2026-01-03T21:32:33.473Z] <<< [apiv2][body] PUT https://storage.googleapis.com/gcf-v2-uploads-8759678057.us-central1.cloudfunctions.appspot.com/94bed4fb-d4c5-4457-bacb-3cf5f9b09142.zip [omitted]
[info] +  functions: functions source uploaded successfully 
[info] i  functions: updating Node.js 20 (2nd Gen) function chatWithGenkit(us-central1)... 
[debug] [2026-01-03T21:32:33.498Z] Checked if tokens are valid: true, expires at: 1767479436855
[debug] [2026-01-03T21:32:33.498Z] Checked if tokens are valid: true, expires at: 1767479436855
[debug] [2026-01-03T21:32:33.500Z] >>> [apiv2][query] PATCH https://cloudfunctions.googleapis.com/v2/projects/court-chuno/locations/us-central1/functions/chatWithGenkit updateMask=name%2CbuildConfig.runtime%2CbuildConfig.entryPoint%2CbuildConfig.source.storageSource.bucket%2CbuildConfig.source.storageSource.object%2CbuildConfig.environmentVariables%2CserviceConfig.environmentVariables%2CserviceConfig.secretEnvironmentVariables%2CserviceConfig.ingressSettings%2CserviceConfig.timeoutSeconds%2CserviceConfig.serviceAccountEmail%2CserviceConfig.availableMemory%2CserviceConfig.minInstanceCount%2CserviceConfig.maxInstanceCount%2CserviceConfig.maxInstanceRequestConcurrency%2CserviceConfig.availableCpu%2CserviceConfig.vpcConnector%2CserviceConfig.vpcConnectorEgressSettings%2Clabels
[debug] [2026-01-03T21:32:33.500Z] >>> [apiv2][body] PATCH https://cloudfunctions.googleapis.com/v2/projects/court-chuno/locations/us-central1/functions/chatWithGenkit {"name":"projects/court-chuno/locations/us-central1/functions/chatWithGenkit","buildConfig":{"runtime":"nodejs20","entryPoint":"chatWithGenkit","source":{"storageSource":{"bucket":"gcf-v2-uploads-8759678057.us-central1.cloudfunctions.appspot.com","object":"94bed4fb-d4c5-4457-bacb-3cf5f9b09142.zip"}},"environmentVariables":{"GOOGLE_NODE_RUN_SCRIPTS":""}},"serviceConfig":{"environmentVariables":{"FIREBASE_CONFIG":"{\"projectId\":\"court-chuno\",\"storageBucket\":\"court-chuno.firebasestorage.app\"}","GCLOUD_PROJECT":"court-chuno","EVENTARC_CLOUD_EVENT_SOURCE":"projects/court-chuno/locations/us-central1/services/chatWithGenkit","FUNCTION_TARGET":"chatWithGenkit","LOG_EXECUTION_ID":"true"},"secretEnvironmentVariables":[{"key":"GOOGLE_GENAI_API_KEY","secret":"GOOGLE_GENAI_API_KEY","projectId":"court-chuno","version":"2"}],"ingressSettings":null,"timeoutSeconds":null,"serviceAccountEmail":null,"availableMemory":"256Mi","minInstanceCount":null,"maxInstanceCount":null,"maxInstanceRequestConcurrency":80,"availableCpu":"1","vpcConnector":null,"vpcConnectorEgressSettings":null},"labels":{"deployment-tool":"cli-firebase","deployment-callable":"true","firebase-functions-hash":"c3ad22830d6353ff8e27ec6dafec0498366f6f18"}}
[debug] [2026-01-03T21:32:38.441Z] <<< [apiv2][status] PATCH https://cloudfunctions.googleapis.com/v2/projects/court-chuno/locations/us-central1/functions/chatWithGenkit 200
[debug] [2026-01-03T21:32:38.441Z] <<< [apiv2][body] PATCH https://cloudfunctions.googleapis.com/v2/projects/court-chuno/locations/us-central1/functions/chatWithGenkit {"name":"projects/court-chuno/locations/us-central1/operations/operation-1767475957661-64782909aff7f-d7bad49f-41c94e24","metadata":{"@type":"type.googleapis.com/google.cloud.functions.v2.OperationMetadata","createTime":"2026-01-03T21:32:38.330232643Z","target":"projects/court-chuno/locations/us-central1/functions/chatWithGenkit","verb":"update","cancelRequested":false,"apiVersion":"v2"},"done":false}
[debug] [2026-01-03T21:32:38.443Z] Checked if tokens are valid: true, expires at: 1767479436855
[debug] [2026-01-03T21:32:38.443Z] Checked if tokens are valid: true, expires at: 1767479436855
[debug] [2026-01-03T21:32:38.444Z] >>> [apiv2][query] GET https://cloudfunctions.googleapis.com/v2/projects/court-chuno/locations/us-central1/operations/operation-1767475957661-64782909aff7f-d7bad49f-41c94e24 [none]
[debug] [2026-01-03T21:32:39.964Z] <<< [apiv2][status] GET https://cloudfunctions.googleapis.com/v2/projects/court-chuno/locations/us-central1/operations/operation-1767475957661-64782909aff7f-d7bad49f-41c94e24 200
[debug] [2026-01-03T21:32:39.965Z] <<< [apiv2][body] GET https://cloudfunctions.googleapis.com/v2/projects/court-chuno/locations/us-central1/operations/operation-1767475957661-64782909aff7f-d7bad49f-41c94e24 {"name":"projects/court-chuno/locations/us-central1/operations/operation-1767475957661-64782909aff7f-d7bad49f-41c94e24","metadata":{"@type":"type.googleapis.com/google.cloud.functions.v2.OperationMetadata","createTime":"2026-01-03T21:32:38.330232643Z","target":"projects/court-chuno/locations/us-central1/functions/chatWithGenkit","verb":"update","cancelRequested":false,"apiVersion":"v2","requestResource":{"@type":"type.googleapis.com/google.cloud.functions.v2.Function","name":"projects/court-chuno/locations/us-central1/functions/chatWithGenkit","buildConfig":{"runtime":"nodejs20","entryPoint":"chatWithGenkit","source":{"storageSource":{"bucket":"gcf-v2-sources-8759678057-us-central1","object":"chatWithGenkit/function-source.zip","generation":"1767475958281615"}},"environmentVariables":{"GOOGLE_NODE_RUN_SCRIPTS":""},"dockerRepository":"projects/court-chuno/locations/us-central1/repositories/gcf-artifacts","sourceProvenance":{"resolvedStorageSource":{"bucket":"gcf-v2-sources-8759678057-us-central1","object":"chatWithGenkit/function-source.zip","generation":"1767388056055974"}},"dockerRegistry":"ARTIFACT_REGISTRY","serviceAccount":"projects/court-chuno/serviceAccounts/8759678057-compute@developer.gserviceaccount.com","automaticUpdatePolicy":{}},"serviceConfig":{"service":"projects/court-chuno/locations/us-central1/services/chatwithgenkit","timeoutSeconds":60,"environmentVariables":{"FIREBASE_CONFIG":"{\"projectId\":\"court-chuno\",\"storageBucket\":\"court-chuno.firebasestorage.app\"}","GCLOUD_PROJECT":"court-chuno","EVENTARC_CLOUD_EVENT_SOURCE":"projects/court-chuno/locations/us-central1/services/chatWithGenkit","FUNCTION_TARGET":"chatWithGenkit","LOG_EXECUTION_ID":"true"},"ingressSettings":"ALLOW_ALL","uri":"https://chatwithgenkit-3t7v4udu4q-uc.a.run.app","serviceAccountEmail":"8759678057-compute@developer.gserviceaccount.com","availableMemory":"256Mi","allTrafficOnLatestRevision":true,"secretEnvironmentVariables":[{"key":"GOOGLE_GENAI_API_KEY","projectId":"court-chuno","secret":"GOOGLE_GENAI_API_KEY","version":"2"}],"revision":"chatwithgenkit-00011-nix","maxInstanceRequestConcurrency":80,"availableCpu":"1"},"state":"ACTIVE","labels":{"deployment-tool":"cli-firebase","deployment-callable":"true","firebase-functions-hash":"c3ad22830d6353ff8e27ec6dafec0498366f6f18"},"environment":"GEN_2","url":"https://us-central1-court-chuno.cloudfunctions.net/chatWithGenkit","satisfiesPzi":true},"stages":[{"name":"BUILD","message":"Build in progress","state":"IN_PROGRESS","resource":"projects/8759678057/locations/us-central1/builds/046d22fb-82e6-41c3-b908-19e645ff83ff","resourceUri":"https://console.cloud.google.com/cloud-build/builds;region=us-central1/046d22fb-82e6-41c3-b908-19e645ff83ff?project=8759678057"},{"name":"SERVICE","state":"NOT_STARTED"}],"operationType":"UPDATE_FUNCTION","buildName":"projects/8759678057/locations/us-central1/builds/046d22fb-82e6-41c3-b908-19e645ff83ff"},"done":false}
[debug] [2026-01-03T21:32:40.471Z] [update-default-us-central1-chatWithGenkit] Retrying task index 0
[debug] [2026-01-03T21:32:40.472Z] Checked if tokens are valid: true, expires at: 1767479436855
[debug] [2026-01-03T21:32:40.472Z] Checked if tokens are valid: true, expires at: 1767479436855
[debug] [2026-01-03T21:32:40.472Z] >>> [apiv2][query] GET https://cloudfunctions.googleapis.com/v2/projects/court-chuno/locations/us-central1/operations/operation-1767475957661-64782909aff7f-d7bad49f-41c94e24 [none]
[debug] [2026-01-03T21:32:41.865Z] <<< [apiv2][status] GET https://cloudfunctions.googleapis.com/v2/projects/court-chuno/locations/us-central1/operations/operation-1767475957661-64782909aff7f-d7bad49f-41c94e24 200
[debug] [2026-01-03T21:32:41.865Z] <<< [apiv2][body] GET https://cloudfunctions.googleapis.com/v2/projects/court-chuno/locations/us-central1/operations/operation-1767475957661-64782909aff7f-d7bad49f-41c94e24 {"name":"projects/court-chuno/locations/us-central1/operations/operation-1767475957661-64782909aff7f-d7bad49f-41c94e24","metadata":{"@type":"type.googleapis.com/google.cloud.functions.v2.OperationMetadata","createTime":"2026-01-03T21:32:38.330232643Z","target":"projects/court-chuno/locations/us-central1/functions/chatWithGenkit","verb":"update","cancelRequested":false,"apiVersion":"v2","requestResource":{"@type":"type.googleapis.com/google.cloud.functions.v2.Function","name":"projects/court-chuno/locations/us-central1/functions/chatWithGenkit","buildConfig":{"runtime":"nodejs20","entryPoint":"chatWithGenkit","source":{"storageSource":{"bucket":"gcf-v2-sources-8759678057-us-central1","object":"chatWithGenkit/function-source.zip","generation":"1767475958281615"}},"environmentVariables":{"GOOGLE_NODE_RUN_SCRIPTS":""},"dockerRepository":"projects/court-chuno/locations/us-central1/repositories/gcf-artifacts","sourceProvenance":{"resolvedStorageSource":{"bucket":"gcf-v2-sources-8759678057-us-central1","object":"chatWithGenkit/function-source.zip","generation":"1767388056055974"}},"dockerRegistry":"ARTIFACT_REGISTRY","serviceAccount":"projects/court-chuno/serviceAccounts/8759678057-compute@developer.gserviceaccount.com","automaticUpdatePolicy":{}},"serviceConfig":{"service":"projects/court-chuno/locations/us-central1/services/chatwithgenkit","timeoutSeconds":60,"environmentVariables":{"FIREBASE_CONFIG":"{\"projectId\":\"court-chuno\",\"storageBucket\":\"court-chuno.firebasestorage.app\"}","GCLOUD_PROJECT":"court-chuno","EVENTARC_CLOUD_EVENT_SOURCE":"projects/court-chuno/locations/us-central1/services/chatWithGenkit","FUNCTION_TARGET":"chatWithGenkit","LOG_EXECUTION_ID":"true"},"ingressSettings":"ALLOW_ALL","uri":"https://chatwithgenkit-3t7v4udu4q-uc.a.run.app","serviceAccountEmail":"8759678057-compute@developer.gserviceaccount.com","availableMemory":"256Mi","allTrafficOnLatestRevision":true,"secretEnvironmentVariables":[{"key":"GOOGLE_GENAI_API_KEY","projectId":"court-chuno","secret":"GOOGLE_GENAI_API_KEY","version":"2"}],"revision":"chatwithgenkit-00011-nix","maxInstanceRequestConcurrency":80,"availableCpu":"1"},"state":"ACTIVE","labels":{"deployment-tool":"cli-firebase","deployment-callable":"true","firebase-functions-hash":"c3ad22830d6353ff8e27ec6dafec0498366f6f18"},"environment":"GEN_2","url":"https://us-central1-court-chuno.cloudfunctions.net/chatWithGenkit","satisfiesPzi":true},"stages":[{"name":"BUILD","message":"Build in progress","state":"IN_PROGRESS","resource":"projects/8759678057/locations/us-central1/builds/046d22fb-82e6-41c3-b908-19e645ff83ff","resourceUri":"https://console.cloud.google.com/cloud-build/builds;region=us-central1/046d22fb-82e6-41c3-b908-19e645ff83ff?project=8759678057"},{"name":"SERVICE","state":"NOT_STARTED"}],"operationType":"UPDATE_FUNCTION","buildName":"projects/8759678057/locations/us-central1/builds/046d22fb-82e6-41c3-b908-19e645ff83ff"},"done":false}
[debug] [2026-01-03T21:32:42.880Z] [update-default-us-central1-chatWithGenkit] Retrying task index 0
[debug] [2026-01-03T21:32:42.881Z] Checked if tokens are valid: true, expires at: 1767479436855
[debug] [2026-01-03T21:32:42.881Z] Checked if tokens are valid: true, expires at: 1767479436855
[debug] [2026-01-03T21:32:42.881Z] >>> [apiv2][query] GET https://cloudfunctions.googleapis.com/v2/projects/court-chuno/locations/us-central1/operations/operation-1767475957661-64782909aff7f-d7bad49f-41c94e24 [none]
[debug] [2026-01-03T21:32:44.372Z] <<< [apiv2][status] GET https://cloudfunctions.googleapis.com/v2/projects/court-chuno/locations/us-central1/operations/operation-1767475957661-64782909aff7f-d7bad49f-41c94e24 200
[debug] [2026-01-03T21:32:44.372Z] <<< [apiv2][body] GET https://cloudfunctions.googleapis.com/v2/projects/court-chuno/locations/us-central1/operations/operation-1767475957661-64782909aff7f-d7bad49f-41c94e24 {"name":"projects/court-chuno/locations/us-central1/operations/operation-1767475957661-64782909aff7f-d7bad49f-41c94e24","metadata":{"@type":"type.googleapis.com/google.cloud.functions.v2.OperationMetadata","createTime":"2026-01-03T21:32:38.330232643Z","target":"projects/court-chuno/locations/us-central1/functions/chatWithGenkit","verb":"update","cancelRequested":false,"apiVersion":"v2","requestResource":{"@type":"type.googleapis.com/google.cloud.functions.v2.Function","name":"projects/court-chuno/locations/us-central1/functions/chatWithGenkit","buildConfig":{"runtime":"nodejs20","entryPoint":"chatWithGenkit","source":{"storageSource":{"bucket":"gcf-v2-sources-8759678057-us-central1","object":"chatWithGenkit/function-source.zip","generation":"1767475958281615"}},"environmentVariables":{"GOOGLE_NODE_RUN_SCRIPTS":""},"dockerRepository":"projects/court-chuno/locations/us-central1/repositories/gcf-artifacts","sourceProvenance":{"resolvedStorageSource":{"bucket":"gcf-v2-sources-8759678057-us-central1","object":"chatWithGenkit/function-source.zip","generation":"1767388056055974"}},"dockerRegistry":"ARTIFACT_REGISTRY","serviceAccount":"projects/court-chuno/serviceAccounts/8759678057-compute@developer.gserviceaccount.com","automaticUpdatePolicy":{}},"serviceConfig":{"service":"projects/court-chuno/locations/us-central1/services/chatwithgenkit","timeoutSeconds":60,"environmentVariables":{"FIREBASE_CONFIG":"{\"projectId\":\"court-chuno\",\"storageBucket\":\"court-chuno.firebasestorage.app\"}","GCLOUD_PROJECT":"court-chuno","EVENTARC_CLOUD_EVENT_SOURCE":"projects/court-chuno/locations/us-central1/services/chatWithGenkit","FUNCTION_TARGET":"chatWithGenkit","LOG_EXECUTION_ID":"true"},"ingressSettings":"ALLOW_ALL","uri":"https://chatwithgenkit-3t7v4udu4q-uc.a.run.app","serviceAccountEmail":"8759678057-compute@developer.gserviceaccount.com","availableMemory":"256Mi","allTrafficOnLatestRevision":true,"secretEnvironmentVariables":[{"key":"GOOGLE_GENAI_API_KEY","projectId":"court-chuno","secret":"GOOGLE_GENAI_API_KEY","version":"2"}],"revision":"chatwithgenkit-00011-nix","maxInstanceRequestConcurrency":80,"availableCpu":"1"},"state":"ACTIVE","labels":{"deployment-tool":"cli-firebase","deployment-callable":"true","firebase-functions-hash":"c3ad22830d6353ff8e27ec6dafec0498366f6f18"},"environment":"GEN_2","url":"https://us-central1-court-chuno.cloudfunctions.net/chatWithGenkit","satisfiesPzi":true},"stages":[{"name":"BUILD","message":"Build in progress","state":"IN_PROGRESS","resource":"projects/8759678057/locations/us-central1/builds/046d22fb-82e6-41c3-b908-19e645ff83ff","resourceUri":"https://console.cloud.google.com/cloud-build/builds;region=us-central1/046d22fb-82e6-41c3-b908-19e645ff83ff?project=8759678057"},{"name":"SERVICE","state":"NOT_STARTED"}],"operationType":"UPDATE_FUNCTION","buildName":"projects/8759678057/locations/us-central1/builds/046d22fb-82e6-41c3-b908-19e645ff83ff"},"done":false}
[debug] [2026-01-03T21:32:46.379Z] [update-default-us-central1-chatWithGenkit] Retrying task index 0
[debug] [2026-01-03T21:32:46.380Z] Checked if tokens are valid: true, expires at: 1767479436855
[debug] [2026-01-03T21:32:46.380Z] Checked if tokens are valid: true, expires at: 1767479436855
[debug] [2026-01-03T21:32:46.380Z] >>> [apiv2][query] GET https://cloudfunctions.googleapis.com/v2/projects/court-chuno/locations/us-central1/operations/operation-1767475957661-64782909aff7f-d7bad49f-41c94e24 [none]
[debug] [2026-01-03T21:32:47.769Z] <<< [apiv2][status] GET https://cloudfunctions.googleapis.com/v2/projects/court-chuno/locations/us-central1/operations/operation-1767475957661-64782909aff7f-d7bad49f-41c94e24 200
[debug] [2026-01-03T21:32:47.770Z] <<< [apiv2][body] GET https://cloudfunctions.googleapis.com/v2/projects/court-chuno/locations/us-central1/operations/operation-1767475957661-64782909aff7f-d7bad49f-41c94e24 {"name":"projects/court-chuno/locations/us-central1/operations/operation-1767475957661-64782909aff7f-d7bad49f-41c94e24","metadata":{"@type":"type.googleapis.com/google.cloud.functions.v2.OperationMetadata","createTime":"2026-01-03T21:32:38.330232643Z","target":"projects/court-chuno/locations/us-central1/functions/chatWithGenkit","verb":"update","cancelRequested":false,"apiVersion":"v2","requestResource":{"@type":"type.googleapis.com/google.cloud.functions.v2.Function","name":"projects/court-chuno/locations/us-central1/functions/chatWithGenkit","buildConfig":{"runtime":"nodejs20","entryPoint":"chatWithGenkit","source":{"storageSource":{"bucket":"gcf-v2-sources-8759678057-us-central1","object":"chatWithGenkit/function-source.zip","generation":"1767475958281615"}},"environmentVariables":{"GOOGLE_NODE_RUN_SCRIPTS":""},"dockerRepository":"projects/court-chuno/locations/us-central1/repositories/gcf-artifacts","sourceProvenance":{"resolvedStorageSource":{"bucket":"gcf-v2-sources-8759678057-us-central1","object":"chatWithGenkit/function-source.zip","generation":"1767388056055974"}},"dockerRegistry":"ARTIFACT_REGISTRY","serviceAccount":"projects/court-chuno/serviceAccounts/8759678057-compute@developer.gserviceaccount.com","automaticUpdatePolicy":{}},"serviceConfig":{"service":"projects/court-chuno/locations/us-central1/services/chatwithgenkit","timeoutSeconds":60,"environmentVariables":{"FIREBASE_CONFIG":"{\"projectId\":\"court-chuno\",\"storageBucket\":\"court-chuno.firebasestorage.app\"}","GCLOUD_PROJECT":"court-chuno","EVENTARC_CLOUD_EVENT_SOURCE":"projects/court-chuno/locations/us-central1/services/chatWithGenkit","FUNCTION_TARGET":"chatWithGenkit","LOG_EXECUTION_ID":"true"},"ingressSettings":"ALLOW_ALL","uri":"https://chatwithgenkit-3t7v4udu4q-uc.a.run.app","serviceAccountEmail":"8759678057-compute@developer.gserviceaccount.com","availableMemory":"256Mi","allTrafficOnLatestRevision":true,"secretEnvironmentVariables":[{"key":"GOOGLE_GENAI_API_KEY","projectId":"court-chuno","secret":"GOOGLE_GENAI_API_KEY","version":"2"}],"revision":"chatwithgenkit-00011-nix","maxInstanceRequestConcurrency":80,"availableCpu":"1"},"state":"ACTIVE","labels":{"deployment-tool":"cli-firebase","deployment-callable":"true","firebase-functions-hash":"c3ad22830d6353ff8e27ec6dafec0498366f6f18"},"environment":"GEN_2","url":"https://us-central1-court-chuno.cloudfunctions.net/chatWithGenkit","satisfiesPzi":true},"stages":[{"name":"BUILD","message":"Build in progress","state":"IN_PROGRESS","resource":"projects/8759678057/locations/us-central1/builds/046d22fb-82e6-41c3-b908-19e645ff83ff","resourceUri":"https://console.cloud.google.com/cloud-build/builds;region=us-central1/046d22fb-82e6-41c3-b908-19e645ff83ff?project=8759678057"},{"name":"SERVICE","state":"NOT_STARTED"}],"operationType":"UPDATE_FUNCTION","buildName":"projects/8759678057/locations/us-central1/builds/046d22fb-82e6-41c3-b908-19e645ff83ff"},"done":false}
[debug] [2026-01-03T21:32:51.782Z] [update-default-us-central1-chatWithGenkit] Retrying task index 0
[debug] [2026-01-03T21:32:51.783Z] Checked if tokens are valid: true, expires at: 1767479436855
[debug] [2026-01-03T21:32:51.783Z] Checked if tokens are valid: true, expires at: 1767479436855
[debug] [2026-01-03T21:32:51.784Z] >>> [apiv2][query] GET https://cloudfunctions.googleapis.com/v2/projects/court-chuno/locations/us-central1/operations/operation-1767475957661-64782909aff7f-d7bad49f-41c94e24 [none]
[debug] [2026-01-03T21:32:53.241Z] <<< [apiv2][status] GET https://cloudfunctions.googleapis.com/v2/projects/court-chuno/locations/us-central1/operations/operation-1767475957661-64782909aff7f-d7bad49f-41c94e24 200
[debug] [2026-01-03T21:32:53.241Z] <<< [apiv2][body] GET https://cloudfunctions.googleapis.com/v2/projects/court-chuno/locations/us-central1/operations/operation-1767475957661-64782909aff7f-d7bad49f-41c94e24 {"name":"projects/court-chuno/locations/us-central1/operations/operation-1767475957661-64782909aff7f-d7bad49f-41c94e24","metadata":{"@type":"type.googleapis.com/google.cloud.functions.v2.OperationMetadata","createTime":"2026-01-03T21:32:38.330232643Z","target":"projects/court-chuno/locations/us-central1/functions/chatWithGenkit","verb":"update","cancelRequested":false,"apiVersion":"v2","requestResource":{"@type":"type.googleapis.com/google.cloud.functions.v2.Function","name":"projects/court-chuno/locations/us-central1/functions/chatWithGenkit","buildConfig":{"runtime":"nodejs20","entryPoint":"chatWithGenkit","source":{"storageSource":{"bucket":"gcf-v2-sources-8759678057-us-central1","object":"chatWithGenkit/function-source.zip","generation":"1767475958281615"}},"environmentVariables":{"GOOGLE_NODE_RUN_SCRIPTS":""},"dockerRepository":"projects/court-chuno/locations/us-central1/repositories/gcf-artifacts","sourceProvenance":{"resolvedStorageSource":{"bucket":"gcf-v2-sources-8759678057-us-central1","object":"chatWithGenkit/function-source.zip","generation":"1767388056055974"}},"dockerRegistry":"ARTIFACT_REGISTRY","serviceAccount":"projects/court-chuno/serviceAccounts/8759678057-compute@developer.gserviceaccount.com","automaticUpdatePolicy":{}},"serviceConfig":{"service":"projects/court-chuno/locations/us-central1/services/chatwithgenkit","timeoutSeconds":60,"environmentVariables":{"FIREBASE_CONFIG":"{\"projectId\":\"court-chuno\",\"storageBucket\":\"court-chuno.firebasestorage.app\"}","GCLOUD_PROJECT":"court-chuno","EVENTARC_CLOUD_EVENT_SOURCE":"projects/court-chuno/locations/us-central1/services/chatWithGenkit","FUNCTION_TARGET":"chatWithGenkit","LOG_EXECUTION_ID":"true"},"ingressSettings":"ALLOW_ALL","uri":"https://chatwithgenkit-3t7v4udu4q-uc.a.run.app","serviceAccountEmail":"8759678057-compute@developer.gserviceaccount.com","availableMemory":"256Mi","allTrafficOnLatestRevision":true,"secretEnvironmentVariables":[{"key":"GOOGLE_GENAI_API_KEY","projectId":"court-chuno","secret":"GOOGLE_GENAI_API_KEY","version":"2"}],"revision":"chatwithgenkit-00011-nix","maxInstanceRequestConcurrency":80,"availableCpu":"1"},"state":"ACTIVE","labels":{"deployment-tool":"cli-firebase","deployment-callable":"true","firebase-functions-hash":"c3ad22830d6353ff8e27ec6dafec0498366f6f18"},"environment":"GEN_2","url":"https://us-central1-court-chuno.cloudfunctions.net/chatWithGenkit","satisfiesPzi":true},"stages":[{"name":"BUILD","message":"Build in progress","state":"IN_PROGRESS","resource":"projects/8759678057/locations/us-central1/builds/046d22fb-82e6-41c3-b908-19e645ff83ff","resourceUri":"https://console.cloud.google.com/cloud-build/builds;region=us-central1/046d22fb-82e6-41c3-b908-19e645ff83ff?project=8759678057"},{"name":"SERVICE","state":"NOT_STARTED"}],"operationType":"UPDATE_FUNCTION","buildName":"projects/8759678057/locations/us-central1/builds/046d22fb-82e6-41c3-b908-19e645ff83ff"},"done":false}
[debug] [2026-01-03T21:33:01.246Z] [update-default-us-central1-chatWithGenkit] Retrying task index 0
[debug] [2026-01-03T21:33:01.246Z] Checked if tokens are valid: true, expires at: 1767479436855
[debug] [2026-01-03T21:33:01.246Z] Checked if tokens are valid: true, expires at: 1767479436855
[debug] [2026-01-03T21:33:01.247Z] >>> [apiv2][query] GET https://cloudfunctions.googleapis.com/v2/projects/court-chuno/locations/us-central1/operations/operation-1767475957661-64782909aff7f-d7bad49f-41c94e24 [none]
[debug] [2026-01-03T21:33:05.943Z] <<< [apiv2][status] GET https://cloudfunctions.googleapis.com/v2/projects/court-chuno/locations/us-central1/operations/operation-1767475957661-64782909aff7f-d7bad49f-41c94e24 200
[debug] [2026-01-03T21:33:05.944Z] <<< [apiv2][body] GET https://cloudfunctions.googleapis.com/v2/projects/court-chuno/locations/us-central1/operations/operation-1767475957661-64782909aff7f-d7bad49f-41c94e24 {"name":"projects/court-chuno/locations/us-central1/operations/operation-1767475957661-64782909aff7f-d7bad49f-41c94e24","metadata":{"@type":"type.googleapis.com/google.cloud.functions.v2.OperationMetadata","createTime":"2026-01-03T21:32:38.330232643Z","target":"projects/court-chuno/locations/us-central1/functions/chatWithGenkit","verb":"update","cancelRequested":false,"apiVersion":"v2","requestResource":{"@type":"type.googleapis.com/google.cloud.functions.v2.Function","name":"projects/court-chuno/locations/us-central1/functions/chatWithGenkit","buildConfig":{"runtime":"nodejs20","entryPoint":"chatWithGenkit","source":{"storageSource":{"bucket":"gcf-v2-sources-8759678057-us-central1","object":"chatWithGenkit/function-source.zip","generation":"1767475958281615"}},"environmentVariables":{"GOOGLE_NODE_RUN_SCRIPTS":""},"dockerRepository":"projects/court-chuno/locations/us-central1/repositories/gcf-artifacts","sourceProvenance":{"resolvedStorageSource":{"bucket":"gcf-v2-sources-8759678057-us-central1","object":"chatWithGenkit/function-source.zip","generation":"1767388056055974"}},"dockerRegistry":"ARTIFACT_REGISTRY","serviceAccount":"projects/court-chuno/serviceAccounts/8759678057-compute@developer.gserviceaccount.com","automaticUpdatePolicy":{}},"serviceConfig":{"service":"projects/court-chuno/locations/us-central1/services/chatwithgenkit","timeoutSeconds":60,"environmentVariables":{"FIREBASE_CONFIG":"{\"projectId\":\"court-chuno\",\"storageBucket\":\"court-chuno.firebasestorage.app\"}","GCLOUD_PROJECT":"court-chuno","EVENTARC_CLOUD_EVENT_SOURCE":"projects/court-chuno/locations/us-central1/services/chatWithGenkit","FUNCTION_TARGET":"chatWithGenkit","LOG_EXECUTION_ID":"true"},"ingressSettings":"ALLOW_ALL","uri":"https://chatwithgenkit-3t7v4udu4q-uc.a.run.app","serviceAccountEmail":"8759678057-compute@developer.gserviceaccount.com","availableMemory":"256Mi","allTrafficOnLatestRevision":true,"secretEnvironmentVariables":[{"key":"GOOGLE_GENAI_API_KEY","projectId":"court-chuno","secret":"GOOGLE_GENAI_API_KEY","version":"2"}],"revision":"chatwithgenkit-00011-nix","maxInstanceRequestConcurrency":80,"availableCpu":"1"},"state":"ACTIVE","labels":{"deployment-tool":"cli-firebase","deployment-callable":"true","firebase-functions-hash":"c3ad22830d6353ff8e27ec6dafec0498366f6f18"},"environment":"GEN_2","url":"https://us-central1-court-chuno.cloudfunctions.net/chatWithGenkit","satisfiesPzi":true},"stages":[{"name":"BUILD","message":"Build in progress","state":"IN_PROGRESS","resource":"projects/8759678057/locations/us-central1/builds/046d22fb-82e6-41c3-b908-19e645ff83ff","resourceUri":"https://console.cloud.google.com/cloud-build/builds;region=us-central1/046d22fb-82e6-41c3-b908-19e645ff83ff?project=8759678057"},{"name":"SERVICE","state":"NOT_STARTED"}],"operationType":"UPDATE_FUNCTION","buildName":"projects/8759678057/locations/us-central1/builds/046d22fb-82e6-41c3-b908-19e645ff83ff"},"done":false}
[debug] [2026-01-03T21:33:15.955Z] [update-default-us-central1-chatWithGenkit] Retrying task index 0
[debug] [2026-01-03T21:33:15.955Z] Checked if tokens are valid: true, expires at: 1767479436855
[debug] [2026-01-03T21:33:15.956Z] Checked if tokens are valid: true, expires at: 1767479436855
[debug] [2026-01-03T21:33:15.956Z] >>> [apiv2][query] GET https://cloudfunctions.googleapis.com/v2/projects/court-chuno/locations/us-central1/operations/operation-1767475957661-64782909aff7f-d7bad49f-41c94e24 [none]
[debug] [2026-01-03T21:33:19.844Z] <<< [apiv2][status] GET https://cloudfunctions.googleapis.com/v2/projects/court-chuno/locations/us-central1/operations/operation-1767475957661-64782909aff7f-d7bad49f-41c94e24 200
[debug] [2026-01-03T21:33:19.845Z] <<< [apiv2][body] GET https://cloudfunctions.googleapis.com/v2/projects/court-chuno/locations/us-central1/operations/operation-1767475957661-64782909aff7f-d7bad49f-41c94e24 {"name":"projects/court-chuno/locations/us-central1/operations/operation-1767475957661-64782909aff7f-d7bad49f-41c94e24","metadata":{"@type":"type.googleapis.com/google.cloud.functions.v2.OperationMetadata","createTime":"2026-01-03T21:32:38.330232643Z","target":"projects/court-chuno/locations/us-central1/functions/chatWithGenkit","verb":"update","cancelRequested":false,"apiVersion":"v2","requestResource":{"@type":"type.googleapis.com/google.cloud.functions.v2.Function","name":"projects/court-chuno/locations/us-central1/functions/chatWithGenkit","buildConfig":{"runtime":"nodejs20","entryPoint":"chatWithGenkit","source":{"storageSource":{"bucket":"gcf-v2-sources-8759678057-us-central1","object":"chatWithGenkit/function-source.zip","generation":"1767475958281615"}},"environmentVariables":{"GOOGLE_NODE_RUN_SCRIPTS":""},"dockerRepository":"projects/court-chuno/locations/us-central1/repositories/gcf-artifacts","sourceProvenance":{"resolvedStorageSource":{"bucket":"gcf-v2-sources-8759678057-us-central1","object":"chatWithGenkit/function-source.zip","generation":"1767388056055974"}},"dockerRegistry":"ARTIFACT_REGISTRY","serviceAccount":"projects/court-chuno/serviceAccounts/8759678057-compute@developer.gserviceaccount.com","automaticUpdatePolicy":{}},"serviceConfig":{"service":"projects/court-chuno/locations/us-central1/services/chatwithgenkit","timeoutSeconds":60,"environmentVariables":{"FIREBASE_CONFIG":"{\"projectId\":\"court-chuno\",\"storageBucket\":\"court-chuno.firebasestorage.app\"}","GCLOUD_PROJECT":"court-chuno","EVENTARC_CLOUD_EVENT_SOURCE":"projects/court-chuno/locations/us-central1/services/chatWithGenkit","FUNCTION_TARGET":"chatWithGenkit","LOG_EXECUTION_ID":"true"},"ingressSettings":"ALLOW_ALL","uri":"https://chatwithgenkit-3t7v4udu4q-uc.a.run.app","serviceAccountEmail":"8759678057-compute@developer.gserviceaccount.com","availableMemory":"256Mi","allTrafficOnLatestRevision":true,"secretEnvironmentVariables":[{"key":"GOOGLE_GENAI_API_KEY","projectId":"court-chuno","secret":"GOOGLE_GENAI_API_KEY","version":"2"}],"revision":"chatwithgenkit-00011-nix","maxInstanceRequestConcurrency":80,"availableCpu":"1"},"state":"ACTIVE","labels":{"deployment-tool":"cli-firebase","deployment-callable":"true","firebase-functions-hash":"c3ad22830d6353ff8e27ec6dafec0498366f6f18"},"environment":"GEN_2","url":"https://us-central1-court-chuno.cloudfunctions.net/chatWithGenkit","satisfiesPzi":true},"stages":[{"name":"BUILD","message":"Build in progress","state":"IN_PROGRESS","resource":"projects/8759678057/locations/us-central1/builds/046d22fb-82e6-41c3-b908-19e645ff83ff","resourceUri":"https://console.cloud.google.com/cloud-build/builds;region=us-central1/046d22fb-82e6-41c3-b908-19e645ff83ff?project=8759678057"},{"name":"SERVICE","state":"NOT_STARTED"}],"operationType":"UPDATE_FUNCTION","buildName":"projects/8759678057/locations/us-central1/builds/046d22fb-82e6-41c3-b908-19e645ff83ff"},"done":false}
[debug] [2026-01-03T21:33:29.853Z] [update-default-us-central1-chatWithGenkit] Retrying task index 0
[debug] [2026-01-03T21:33:29.854Z] Checked if tokens are valid: true, expires at: 1767479436855
[debug] [2026-01-03T21:33:29.854Z] Checked if tokens are valid: true, expires at: 1767479436855
[debug] [2026-01-03T21:33:29.854Z] >>> [apiv2][query] GET https://cloudfunctions.googleapis.com/v2/projects/court-chuno/locations/us-central1/operations/operation-1767475957661-64782909aff7f-d7bad49f-41c94e24 [none]
[debug] [2026-01-03T21:33:33.780Z] <<< [apiv2][status] GET https://cloudfunctions.googleapis.com/v2/projects/court-chuno/locations/us-central1/operations/operation-1767475957661-64782909aff7f-d7bad49f-41c94e24 200
[debug] [2026-01-03T21:33:33.780Z] <<< [apiv2][body] GET https://cloudfunctions.googleapis.com/v2/projects/court-chuno/locations/us-central1/operations/operation-1767475957661-64782909aff7f-d7bad49f-41c94e24 {"name":"projects/court-chuno/locations/us-central1/operations/operation-1767475957661-64782909aff7f-d7bad49f-41c94e24","metadata":{"@type":"type.googleapis.com/google.cloud.functions.v2.OperationMetadata","createTime":"2026-01-03T21:32:38.330232643Z","endTime":"2026-01-03T21:33:21.766914122Z","target":"projects/court-chuno/locations/us-central1/functions/chatWithGenkit","verb":"update","cancelRequested":false,"apiVersion":"v2","requestResource":{"@type":"type.googleapis.com/google.cloud.functions.v2.Function","name":"projects/court-chuno/locations/us-central1/functions/chatWithGenkit","buildConfig":{"runtime":"nodejs20","entryPoint":"chatWithGenkit","source":{"storageSource":{"bucket":"gcf-v2-sources-8759678057-us-central1","object":"chatWithGenkit/function-source.zip","generation":"1767475958281615"}},"environmentVariables":{"GOOGLE_NODE_RUN_SCRIPTS":""},"dockerRepository":"projects/court-chuno/locations/us-central1/repositories/gcf-artifacts","sourceProvenance":{"resolvedStorageSource":{"bucket":"gcf-v2-sources-8759678057-us-central1","object":"chatWithGenkit/function-source.zip","generation":"1767388056055974"}},"dockerRegistry":"ARTIFACT_REGISTRY","serviceAccount":"projects/court-chuno/serviceAccounts/8759678057-compute@developer.gserviceaccount.com","automaticUpdatePolicy":{}},"serviceConfig":{"service":"projects/court-chuno/locations/us-central1/services/chatwithgenkit","timeoutSeconds":60,"environmentVariables":{"FIREBASE_CONFIG":"{\"projectId\":\"court-chuno\",\"storageBucket\":\"court-chuno.firebasestorage.app\"}","GCLOUD_PROJECT":"court-chuno","EVENTARC_CLOUD_EVENT_SOURCE":"projects/court-chuno/locations/us-central1/services/chatWithGenkit","FUNCTION_TARGET":"chatWithGenkit","LOG_EXECUTION_ID":"true"},"ingressSettings":"ALLOW_ALL","uri":"https://chatwithgenkit-3t7v4udu4q-uc.a.run.app","serviceAccountEmail":"8759678057-compute@developer.gserviceaccount.com","availableMemory":"256Mi","allTrafficOnLatestRevision":true,"secretEnvironmentVariables":[{"key":"GOOGLE_GENAI_API_KEY","projectId":"court-chuno","secret":"GOOGLE_GENAI_API_KEY","version":"2"}],"revision":"chatwithgenkit-00011-nix","maxInstanceRequestConcurrency":80,"availableCpu":"1"},"state":"ACTIVE","labels":{"deployment-tool":"cli-firebase","deployment-callable":"true","firebase-functions-hash":"c3ad22830d6353ff8e27ec6dafec0498366f6f18"},"environment":"GEN_2","url":"https://us-central1-court-chuno.cloudfunctions.net/chatWithGenkit","satisfiesPzi":true},"stages":[{"name":"SERVICE","state":"NOT_STARTED"}],"operationType":"UPDATE_FUNCTION"},"done":true,"error":{"code":3,"message":"Build failed with status: FAILURE and message: npm error code EUSAGE\nnpm error\nnpm error `npm ci` can only install packages when your package.json and package-lock.json or npm-shrinkwrap.json are in sync. Please update your lock file with `npm install` before continuing.\nnpm error\nnpm error Missing: zod@3.25.76 from lock file\nnpm error\nnpm error Clean install a project\nnpm error\nnpm error Usage:\nnpm error npm ci\nnpm error\nnpm error Options:\nnpm error [--install-strategy <hoisted|nested|shallow|linked>] [--legacy-bundling]\nnpm error [--global-style] [--omit <dev|optional|peer> [--omit <dev|optional|peer> ...]]\nnpm error [--include <prod|dev|optional|peer> [--include <prod|dev|optional|peer> ...]]\nnpm error [--strict-peer-deps] [--foreground-scripts] [--ignore-scripts] [--no-audit]\nnpm error [--no-bin-links] [--no-fund] [--dry-run]\nnpm error [-w|--workspace <workspace-name> [-w|--workspace <workspace-name> ...]]\nnpm error [-ws|--workspaces] [--include-workspace-root] [--install-links]\nnpm error\nnpm error aliases: clean-install, ic, install-clean, isntall-clean\nnpm error\nnpm error Run \"npm help ci\" for more info\nnpm error A complete log of this run can be found in: /www-data-home/.npm/_logs/2026-01-03T21_33_00_762Z-debug-0.log. For more details see the logs at https://console.cloud.google.com/cloud-build/builds;region=us-central1/046d22fb-82e6-41c3-b908-19e645ff83ff?project=8759678057."}}
[debug] [2026-01-03T21:33:33.781Z] Got source token undefined for region us-central1
[error] Build failed with status: FAILURE and message: npm error code EUSAGE
npm error
npm error `npm ci` can only install packages when your package.json and package-lock.json or npm-shrinkwrap.json are in sync. Please update your lock file with `npm install` before continuing.
npm error
npm error Missing: zod@3.25.76 from lock file
npm error
npm error Clean install a project
npm error
npm error Usage:
npm error npm ci
npm error
npm error Options:
npm error [--install-strategy <hoisted|nested|shallow|linked>] [--legacy-bundling]
npm error [--global-style] [--omit <dev|optional|peer> [--omit <dev|optional|peer> ...]]
npm error [--include <prod|dev|optional|peer> [--include <prod|dev|optional|peer> ...]]
npm error [--strict-peer-deps] [--foreground-scripts] [--ignore-scripts] [--no-audit]
npm error [--no-bin-links] [--no-fund] [--dry-run]
npm error [-w|--workspace <workspace-name> [-w|--workspace <workspace-name> ...]]
npm error [-ws|--workspaces] [--include-workspace-root] [--install-links]
npm error
npm error aliases: clean-install, ic, install-clean, isntall-clean
npm error
npm error Run "npm help ci" for more info
npm error A complete log of this run can be found in: /www-data-home/.npm/_logs/2026-01-03T21_33_00_762Z-debug-0.log. For more details see the logs at https://console.cloud.google.com/cloud-build/builds;region=us-central1/046d22fb-82e6-41c3-b908-19e645ff83ff?project=8759678057.
[debug] [2026-01-03T21:33:33.789Z] Total Function Deployment time: 60302
[debug] [2026-01-03T21:33:33.789Z] 1 Functions Deployed
[debug] [2026-01-03T21:33:33.789Z] 1 Functions Errored
[debug] [2026-01-03T21:33:33.789Z] 0 Function Deployments Aborted
[debug] [2026-01-03T21:33:33.789Z] Average Function Deployment time: 60299
[info] 
[info] Functions deploy had errors with the following functions:
	chatWithGenkit(us-central1)
[debug] [2026-01-03T21:33:33.793Z] Checked if tokens are valid: true, expires at: 1767479436855
[debug] [2026-01-03T21:33:33.793Z] Checked if tokens are valid: true, expires at: 1767479436855
[debug] [2026-01-03T21:33:33.794Z] >>> [apiv2][query] GET https://artifactregistry.googleapis.com/v1/projects/court-chuno/locations/us-central1/repositories/gcf-artifacts [none]
[debug] [2026-01-03T21:33:37.389Z] <<< [apiv2][status] GET https://artifactregistry.googleapis.com/v1/projects/court-chuno/locations/us-central1/repositories/gcf-artifacts 200
[debug] [2026-01-03T21:33:37.389Z] <<< [apiv2][body] GET https://artifactregistry.googleapis.com/v1/projects/court-chuno/locations/us-central1/repositories/gcf-artifacts {"name":"projects/court-chuno/locations/us-central1/repositories/gcf-artifacts","format":"DOCKER","description":"This repository is created and used by Cloud Functions for storing function docker images.","labels":{"goog-managed-by":"cloudfunctions"},"createTime":"2026-01-02T15:23:00.561635Z","updateTime":"2026-01-03T20:38:33.947815Z","mode":"STANDARD_REPOSITORY","cleanupPolicies":{"firebase-functions-cleanup":{"id":"firebase-functions-cleanup","action":"DELETE","condition":{"tagState":"ANY","olderThan":"86400s"}}},"sizeBytes":"651098994","vulnerabilityScanningConfig":{"lastEnableTime":"2026-01-02T15:22:52.435669959Z","enablementState":"SCANNING_DISABLED","enablementStateReason":"API containerscanning.googleapis.com is not enabled."},"satisfiesPzi":true,"registryUri":"us-central1-docker.pkg.dev/court-chuno/gcf-artifacts"}
[debug] [2026-01-03T21:33:37.390Z] Functions deploy failed.
[debug] [2026-01-03T21:33:37.391Z] {
  "endpoint": {
    "id": "chatWithGenkit",
    "project": "court-chuno",
    "region": "us-central1",
    "entryPoint": "chatWithGenkit",
    "platform": "gcfv2",
    "runtime": "nodejs20",
    "callableTrigger": {},
    "labels": {
      "deployment-tool": "cli-firebase"
    },
    "secretEnvironmentVariables": [
      {
        "key": "GOOGLE_GENAI_API_KEY",
        "secret": "GOOGLE_GENAI_API_KEY",
        "projectId": "court-chuno",
        "version": "2"
      }
    ],
    "serviceAccount": null,
    "ingressSettings": null,
    "availableMemoryMb": null,
    "timeoutSeconds": null,
    "maxInstances": null,
    "minInstances": null,
    "concurrency": 80,
    "vpc": null,
    "environmentVariables": {
      "FIREBASE_CONFIG": "{\"projectId\":\"court-chuno\",\"storageBucket\":\"court-chuno.firebasestorage.app\"}",
      "GCLOUD_PROJECT": "court-chuno",
      "EVENTARC_CLOUD_EVENT_SOURCE": "projects/court-chuno/locations/us-central1/services/chatWithGenkit",
      "FUNCTION_TARGET": "chatWithGenkit",
      "LOG_EXECUTION_ID": "true"
    },
    "codebase": "default",
    "runServiceId": "chatwithgenkit",
    "cpu": 1,
    "securityLevel": "SECURE_ALWAYS",
    "targetedByOnly": false,
    "hash": "c3ad22830d6353ff8e27ec6dafec0498366f6f18"
  },
  "op": "update",
  "original": {
    "name": "FirebaseError",
    "children": [],
    "exit": 1,
    "message": "Build failed with status: FAILURE and message: npm error code EUSAGE\nnpm error\nnpm error `npm ci` can only install packages when your package.json and package-lock.json or npm-shrinkwrap.json are in sync. Please update your lock file with `npm install` before continuing.\nnpm error\nnpm error Missing: zod@3.25.76 from lock file\nnpm error\nnpm error Clean install a project\nnpm error\nnpm error Usage:\nnpm error npm ci\nnpm error\nnpm error Options:\nnpm error [--install-strategy <hoisted|nested|shallow|linked>] [--legacy-bundling]\nnpm error [--global-style] [--omit <dev|optional|peer> [--omit <dev|optional|peer> ...]]\nnpm error [--include <prod|dev|optional|peer> [--include <prod|dev|optional|peer> ...]]\nnpm error [--strict-peer-deps] [--foreground-scripts] [--ignore-scripts] [--no-audit]\nnpm error [--no-bin-links] [--no-fund] [--dry-run]\nnpm error [-w|--workspace <workspace-name> [-w|--workspace <workspace-name> ...]]\nnpm error [-ws|--workspaces] [--include-workspace-root] [--install-links]\nnpm error\nnpm error aliases: clean-install, ic, install-clean, isntall-clean\nnpm error\nnpm error Run \"npm help ci\" for more info\nnpm error A complete log of this run can be found in: /www-data-home/.npm/_logs/2026-01-03T21_33_00_762Z-debug-0.log. For more details see the logs at https://console.cloud.google.com/cloud-build/builds;region=us-central1/046d22fb-82e6-41c3-b908-19e645ff83ff?project=8759678057.",
    "original": {
      "code": 3,
      "message": "Build failed with status: FAILURE and message: npm error code EUSAGE\nnpm error\nnpm error `npm ci` can only install packages when your package.json and package-lock.json or npm-shrinkwrap.json are in sync. Please update your lock file with `npm install` before continuing.\nnpm error\nnpm error Missing: zod@3.25.76 from lock file\nnpm error\nnpm error Clean install a project\nnpm error\nnpm error Usage:\nnpm error npm ci\nnpm error\nnpm error Options:\nnpm error [--install-strategy <hoisted|nested|shallow|linked>] [--legacy-bundling]\nnpm error [--global-style] [--omit <dev|optional|peer> [--omit <dev|optional|peer> ...]]\nnpm error [--include <prod|dev|optional|peer> [--include <prod|dev|optional|peer> ...]]\nnpm error [--strict-peer-deps] [--foreground-scripts] [--ignore-scripts] [--no-audit]\nnpm error [--no-bin-links] [--no-fund] [--dry-run]\nnpm error [-w|--workspace <workspace-name> [-w|--workspace <workspace-name> ...]]\nnpm error [-ws|--workspaces] [--include-workspace-root] [--install-links]\nnpm error\nnpm error aliases: clean-install, ic, install-clean, isntall-clean\nnpm error\nnpm error Run \"npm help ci\" for more info\nnpm error A complete log of this run can be found in: /www-data-home/.npm/_logs/2026-01-03T21_33_00_762Z-debug-0.log. For more details see the logs at https://console.cloud.google.com/cloud-build/builds;region=us-central1/046d22fb-82e6-41c3-b908-19e645ff83ff?project=8759678057."
    },
    "status": 3,
    "code": 3
  }
}
[debug] [2026-01-03T21:33:37.394Z] Error: Failed to update function chatWithGenkit in region us-central1
    at C:\Users\Administrator\AppData\Roaming\npm\node_modules\firebase-tools\lib\deploy\functions\release\fabricator.js:411:19
    at process.processTicksAndRejections (node:internal/process/task_queues:105:5)
    at async Fabricator.updateV2Function (C:\Users\Administrator\AppData\Roaming\npm\node_modules\firebase-tools\lib\deploy\functions\release\fabricator.js:400:32)
    at async Fabricator.updateEndpoint (C:\Users\Administrator\AppData\Roaming\npm\node_modules\firebase-tools\lib\deploy\functions\release\fabricator.js:160:13)
    at async handle (C:\Users\Administrator\AppData\Roaming\npm\node_modules\firebase-tools\lib\deploy\functions\release\fabricator.js:89:17)
[error] 
[error] Error: There was an error deploying functions
